<?xml version="1.0" encoding="UTF-8"?>
<testng-results skipped="0" failed="1" ignored="0" total="1" passed="0">
  <reporter-output>
  </reporter-output>
  <suite name="Default suite" duration-ms="47642" started-at="2018-12-05T16:10:46Z" finished-at="2018-12-05T16:11:34Z">
    <groups>
    </groups>
    <test name="Default test" duration-ms="47642" started-at="2018-12-05T16:10:46Z" finished-at="2018-12-05T16:11:34Z">
      <class name="com.remote.maven.mavendemo">
        <test-method status="FAIL" signature="search()[pri:0, instance:com.remote.maven.mavendemo@3d921e20]" name="search" duration-ms="47592" started-at="2018-12-05T16:10:46Z" finished-at="2018-12-05T16:11:34Z">
          <exception class="org.openqa.selenium.WebDriverException">
            <message>
              <![CDATA[Failed to connect to binary FirefoxBinary(C:\Program Files\Mozilla Firefox\firefox.exe) on port 7055; process output follows: 
c/1.0","updateURL":null,"updateKey":null,"optionsURL":null,"optionsType":null,"aboutURL":null,"icons":{"32":"icon.png","48":"icon.png"},"iconURL":null,"icon64URL":null,"defaultLocale":{"name":"Default","description":"The default theme.","creator":"Mozilla","homepageURL":null,"contributors":["Mozilla Contributors"]},"visible":true,"active":true,"userDisabled":false,"appDisabled":false,"descriptor":"C:\\Program Files\\Mozilla Firefox\\browser\\extensions\\{972ce4c6-7e08-4474-a285-3208198ce6fd}.xpi","installDate":1466736750000,"updateDate":1466736750000,"applyBackgroundUpdates":1,"skinnable":true,"size":22012,"sourceURI":null,"releaseNotesURI":null,"softDisabled":false,"foreignInstall":false,"hasBinaryComponents":false,"strictCompatibility":true,"locales":[],"targetApplications":[{"id":"{ec8030f7-c20a-464f-9b0e-13a3a9e97384}","minVersion":"47.0.1","maxVersion":"47.0.1"}],"targetPlatforms":[],"seen":true}
1544026248461addons.xpiDEBUGgetModTime: Recursive scan of {972ce4c6-7e08-4474-a285-3208198ce6fd}
1544026248463DeferredSave.extensions.jsonDEBUGSave changes
1544026248463addons.xpiDEBUGUpdating database with changes to installed add-ons
1544026248463addons.xpi-utilsDEBUGUpdating add-on states
1544026248466addons.xpi-utilsDEBUGWriting add-ons list
1544026248472addons.xpiDEBUGRegistering manifest for C:\Program Files\Mozilla Firefox\browser\features\e10srollout@mozilla.org.xpi
1544026248473addons.xpiDEBUGCalling bootstrap method startup on e10srollout@mozilla.org version 1.0
1544026248473addons.xpiDEBUGRegistering manifest for C:\Program Files\Mozilla Firefox\browser\features\firefox@getpocket.com.xpi
1544026248474addons.xpiDEBUGCalling bootstrap method startup on firefox@getpocket.com version 1.0.2
1544026248475addons.xpiDEBUGRegistering manifest for C:\Program Files\Mozilla Firefox\browser\features\loop@mozilla.org.xpi
1544026248476addons.xpiDEBUGCalling bootstrap method startup on loop@mozilla.org version 1.3.2
1544026248495addons.managerDEBUGRegistering shutdown blocker for XPIProvider
1544026248496addons.managerDEBUGProvider finished startup: XPIProvider
1544026248496addons.managerDEBUGStarting provider: LightweightThemeManager
1544026248496addons.managerDEBUGRegistering shutdown blocker for LightweightThemeManager
1544026248496addons.managerDEBUGProvider finished startup: LightweightThemeManager
1544026248497addons.managerDEBUGStarting provider: GMPProvider
1544026248507addons.managerDEBUGRegistering shutdown blocker for GMPProvider
1544026248507addons.managerDEBUGProvider finished startup: GMPProvider
1544026248507addons.managerDEBUGStarting provider: PluginProvider
1544026248507addons.managerDEBUGRegistering shutdown blocker for PluginProvider
1544026248508addons.managerDEBUGProvider finished startup: PluginProvider
1544026248508addons.managerDEBUGCompleted startup sequence
1544026249134addons.managerDEBUGStarting provider: <unnamed-provider>
1544026249135addons.managerDEBUGRegistering shutdown blocker for <unnamed-provider>
1544026249135addons.managerDEBUGProvider finished startup: <unnamed-provider>
1544026249391DeferredSave.extensions.jsonDEBUGWrite succeeded
1544026249391addons.xpi-utilsDEBUGXPI Database saved, setting schema version preference to 17
1544026249391DeferredSave.extensions.jsonDEBUGStarting timer
1544026249417DeferredSave.extensions.jsonDEBUGStarting write
1544026249436addons.repositoryDEBUGNo addons.json found.
1544026249436DeferredSave.addons.jsonDEBUGSave changes
1544026249441DeferredSave.addons.jsonDEBUGStarting timer
1544026249464addons.managerDEBUGStarting provider: PreviousExperimentProvider
1544026249464addons.managerDEBUGRegistering shutdown blocker for PreviousExperimentProvider
1544026249465addons.managerDEBUGProvider finished startup: PreviousExperimentProvider
1544026249472DeferredSave.extensions.jsonDEBUGWrite succeeded
1544026249500DeferredSave.addons.jsonDEBUGStarting write
1544026249515DeferredSave.addons.jsonDEBUGWrite succeeded

Build info: version: '2.51.0', revision: '1af067dbcaedd7d2ab9af5151fc471d363d97193', time: '2016-02-05 11:20:57'
System info: host: 'INHLCH-DL615', ip: '192.168.0.16', os.name: 'Windows 10', os.arch: 'amd64', os.version: '10.0', java.version: '1.8.0_191'
Driver info: driver.version: FirefoxDriver]]>
            </message>
            <full-stacktrace>
              <![CDATA[org.openqa.selenium.WebDriverException: Failed to connect to binary FirefoxBinary(C:\Program Files\Mozilla Firefox\firefox.exe) on port 7055; process output follows: 
c/1.0","updateURL":null,"updateKey":null,"optionsURL":null,"optionsType":null,"aboutURL":null,"icons":{"32":"icon.png","48":"icon.png"},"iconURL":null,"icon64URL":null,"defaultLocale":{"name":"Default","description":"The default theme.","creator":"Mozilla","homepageURL":null,"contributors":["Mozilla Contributors"]},"visible":true,"active":true,"userDisabled":false,"appDisabled":false,"descriptor":"C:\\Program Files\\Mozilla Firefox\\browser\\extensions\\{972ce4c6-7e08-4474-a285-3208198ce6fd}.xpi","installDate":1466736750000,"updateDate":1466736750000,"applyBackgroundUpdates":1,"skinnable":true,"size":22012,"sourceURI":null,"releaseNotesURI":null,"softDisabled":false,"foreignInstall":false,"hasBinaryComponents":false,"strictCompatibility":true,"locales":[],"targetApplications":[{"id":"{ec8030f7-c20a-464f-9b0e-13a3a9e97384}","minVersion":"47.0.1","maxVersion":"47.0.1"}],"targetPlatforms":[],"seen":true}
1544026248461addons.xpiDEBUGgetModTime: Recursive scan of {972ce4c6-7e08-4474-a285-3208198ce6fd}
1544026248463DeferredSave.extensions.jsonDEBUGSave changes
1544026248463addons.xpiDEBUGUpdating database with changes to installed add-ons
1544026248463addons.xpi-utilsDEBUGUpdating add-on states
1544026248466addons.xpi-utilsDEBUGWriting add-ons list
1544026248472addons.xpiDEBUGRegistering manifest for C:\Program Files\Mozilla Firefox\browser\features\e10srollout@mozilla.org.xpi
1544026248473addons.xpiDEBUGCalling bootstrap method startup on e10srollout@mozilla.org version 1.0
1544026248473addons.xpiDEBUGRegistering manifest for C:\Program Files\Mozilla Firefox\browser\features\firefox@getpocket.com.xpi
1544026248474addons.xpiDEBUGCalling bootstrap method startup on firefox@getpocket.com version 1.0.2
1544026248475addons.xpiDEBUGRegistering manifest for C:\Program Files\Mozilla Firefox\browser\features\loop@mozilla.org.xpi
1544026248476addons.xpiDEBUGCalling bootstrap method startup on loop@mozilla.org version 1.3.2
1544026248495addons.managerDEBUGRegistering shutdown blocker for XPIProvider
1544026248496addons.managerDEBUGProvider finished startup: XPIProvider
1544026248496addons.managerDEBUGStarting provider: LightweightThemeManager
1544026248496addons.managerDEBUGRegistering shutdown blocker for LightweightThemeManager
1544026248496addons.managerDEBUGProvider finished startup: LightweightThemeManager
1544026248497addons.managerDEBUGStarting provider: GMPProvider
1544026248507addons.managerDEBUGRegistering shutdown blocker for GMPProvider
1544026248507addons.managerDEBUGProvider finished startup: GMPProvider
1544026248507addons.managerDEBUGStarting provider: PluginProvider
1544026248507addons.managerDEBUGRegistering shutdown blocker for PluginProvider
1544026248508addons.managerDEBUGProvider finished startup: PluginProvider
1544026248508addons.managerDEBUGCompleted startup sequence
1544026249134addons.managerDEBUGStarting provider: <unnamed-provider>
1544026249135addons.managerDEBUGRegistering shutdown blocker for <unnamed-provider>
1544026249135addons.managerDEBUGProvider finished startup: <unnamed-provider>
1544026249391DeferredSave.extensions.jsonDEBUGWrite succeeded
1544026249391addons.xpi-utilsDEBUGXPI Database saved, setting schema version preference to 17
1544026249391DeferredSave.extensions.jsonDEBUGStarting timer
1544026249417DeferredSave.extensions.jsonDEBUGStarting write
1544026249436addons.repositoryDEBUGNo addons.json found.
1544026249436DeferredSave.addons.jsonDEBUGSave changes
1544026249441DeferredSave.addons.jsonDEBUGStarting timer
1544026249464addons.managerDEBUGStarting provider: PreviousExperimentProvider
1544026249464addons.managerDEBUGRegistering shutdown blocker for PreviousExperimentProvider
1544026249465addons.managerDEBUGProvider finished startup: PreviousExperimentProvider
1544026249472DeferredSave.extensions.jsonDEBUGWrite succeeded
1544026249500DeferredSave.addons.jsonDEBUGStarting write
1544026249515DeferredSave.addons.jsonDEBUGWrite succeeded

Build info: version: '2.51.0', revision: '1af067dbcaedd7d2ab9af5151fc471d363d97193', time: '2016-02-05 11:20:57'
System info: host: 'INHLCH-DL615', ip: '192.168.0.16', os.name: 'Windows 10', os.arch: 'amd64', os.version: '10.0', java.version: '1.8.0_191'
Driver info: driver.version: FirefoxDriver
at org.openqa.selenium.firefox.internal.NewProfileExtensionConnection.start(NewProfileExtensionConnection.java:125)
at org.openqa.selenium.firefox.FirefoxDriver.startClient(FirefoxDriver.java:271)
at org.openqa.selenium.remote.RemoteWebDriver.<init>(RemoteWebDriver.java:119)
at org.openqa.selenium.firefox.FirefoxDriver.<init>(FirefoxDriver.java:216)
at org.openqa.selenium.firefox.FirefoxDriver.<init>(FirefoxDriver.java:211)
at org.openqa.selenium.firefox.FirefoxDriver.<init>(FirefoxDriver.java:207)
at org.openqa.selenium.firefox.FirefoxDriver.<init>(FirefoxDriver.java:120)
at com.remote.maven.mavendemo.search(mavendemo.java:13)
at sun.reflect.NativeMethodAccessorImpl.invoke0(Native Method)
at sun.reflect.NativeMethodAccessorImpl.invoke(Unknown Source)
at sun.reflect.DelegatingMethodAccessorImpl.invoke(Unknown Source)
at java.lang.reflect.Method.invoke(Unknown Source)
at org.testng.internal.MethodInvocationHelper.invokeMethod(MethodInvocationHelper.java:124)
at org.testng.internal.Invoker.invokeMethod(Invoker.java:583)
at org.testng.internal.Invoker.invokeTestMethod(Invoker.java:719)
at org.testng.internal.Invoker.invokeTestMethods(Invoker.java:989)
at org.testng.internal.TestMethodWorker.invokeTestMethods(TestMethodWorker.java:125)
at org.testng.internal.TestMethodWorker.run(TestMethodWorker.java:109)
at org.testng.TestRunner.privateRun(TestRunner.java:648)
at org.testng.TestRunner.run(TestRunner.java:505)
at org.testng.SuiteRunner.runTest(SuiteRunner.java:455)
at org.testng.SuiteRunner.runSequentially(SuiteRunner.java:450)
at org.testng.SuiteRunner.privateRun(SuiteRunner.java:415)
at org.testng.SuiteRunner.run(SuiteRunner.java:364)
at org.testng.SuiteRunnerWorker.runSuite(SuiteRunnerWorker.java:52)
at org.testng.SuiteRunnerWorker.run(SuiteRunnerWorker.java:84)
at org.testng.TestNG.runSuitesSequentially(TestNG.java:1208)
at org.testng.TestNG.runSuitesLocally(TestNG.java:1137)
at org.testng.TestNG.runSuites(TestNG.java:1049)
at org.testng.TestNG.run(TestNG.java:1017)
at org.testng.remote.AbstractRemoteTestNG.run(AbstractRemoteTestNG.java:114)
at org.testng.remote.RemoteTestNG.initAndRun(RemoteTestNG.java:251)
at org.testng.remote.RemoteTestNG.main(RemoteTestNG.java:77)
Caused by: org.openqa.selenium.firefox.NotConnectedException: Unable to connect to host 127.0.0.1 on port 7055 after 45000 ms. Firefox console output:
c/1.0","updateURL":null,"updateKey":null,"optionsURL":null,"optionsType":null,"aboutURL":null,"icons":{"32":"icon.png","48":"icon.png"},"iconURL":null,"icon64URL":null,"defaultLocale":{"name":"Default","description":"The default theme.","creator":"Mozilla","homepageURL":null,"contributors":["Mozilla Contributors"]},"visible":true,"active":true,"userDisabled":false,"appDisabled":false,"descriptor":"C:\\Program Files\\Mozilla Firefox\\browser\\extensions\\{972ce4c6-7e08-4474-a285-3208198ce6fd}.xpi","installDate":1466736750000,"updateDate":1466736750000,"applyBackgroundUpdates":1,"skinnable":true,"size":22012,"sourceURI":null,"releaseNotesURI":null,"softDisabled":false,"foreignInstall":false,"hasBinaryComponents":false,"strictCompatibility":true,"locales":[],"targetApplications":[{"id":"{ec8030f7-c20a-464f-9b0e-13a3a9e97384}","minVersion":"47.0.1","maxVersion":"47.0.1"}],"targetPlatforms":[],"seen":true}
1544026248461addons.xpiDEBUGgetModTime: Recursive scan of {972ce4c6-7e08-4474-a285-3208198ce6fd}
1544026248463DeferredSave.extensions.jsonDEBUGSave changes
1544026248463addons.xpiDEBUGUpdating database with changes to installed add-ons
1544026248463addons.xpi-utilsDEBUGUpdating add-on states
1544026248466addons.xpi-utilsDEBUGWriting add-ons list
1544026248472addons.xpiDEBUGRegistering manifest for C:\Program Files\Mozilla Firefox\browser\features\e10srollout@mozilla.org.xpi
1544026248473addons.xpiDEBUGCalling bootstrap method startup on e10srollout@mozilla.org version 1.0
1544026248473addons.xpiDEBUGRegistering manifest for C:\Program Files\Mozilla Firefox\browser\features\firefox@getpocket.com.xpi
1544026248474addons.xpiDEBUGCalling bootstrap method startup on firefox@getpocket.com version 1.0.2
1544026248475addons.xpiDEBUGRegistering manifest for C:\Program Files\Mozilla Firefox\browser\features\loop@mozilla.org.xpi
1544026248476addons.xpiDEBUGCalling bootstrap method startup on loop@mozilla.org version 1.3.2
1544026248495addons.managerDEBUGRegistering shutdown blocker for XPIProvider
1544026248496addons.managerDEBUGProvider finished startup: XPIProvider
1544026248496addons.managerDEBUGStarting provider: LightweightThemeManager
1544026248496addons.managerDEBUGRegistering shutdown blocker for LightweightThemeManager
1544026248496addons.managerDEBUGProvider finished startup: LightweightThemeManager
1544026248497addons.managerDEBUGStarting provider: GMPProvider
1544026248507addons.managerDEBUGRegistering shutdown blocker for GMPProvider
1544026248507addons.managerDEBUGProvider finished startup: GMPProvider
1544026248507addons.managerDEBUGStarting provider: PluginProvider
1544026248507addons.managerDEBUGRegistering shutdown blocker for PluginProvider
1544026248508addons.managerDEBUGProvider finished startup: PluginProvider
1544026248508addons.managerDEBUGCompleted startup sequence
1544026249134addons.managerDEBUGStarting provider: <unnamed-provider>
1544026249135addons.managerDEBUGRegistering shutdown blocker for <unnamed-provider>
1544026249135addons.managerDEBUGProvider finished startup: <unnamed-provider>
1544026249391DeferredSave.extensions.jsonDEBUGWrite succeeded
1544026249391addons.xpi-utilsDEBUGXPI Database saved, setting schema version preference to 17
1544026249391DeferredSave.extensions.jsonDEBUGStarting timer
1544026249417DeferredSave.extensions.jsonDEBUGStarting write
1544026249436addons.repositoryDEBUGNo addons.json found.
1544026249436DeferredSave.addons.jsonDEBUGSave changes
1544026249441DeferredSave.addons.jsonDEBUGStarting timer
1544026249464addons.managerDEBUGStarting provider: PreviousExperimentProvider
1544026249464addons.managerDEBUGRegistering shutdown blocker for PreviousExperimentProvider
1544026249465addons.managerDEBUGProvider finished startup: PreviousExperimentProvider
1544026249472DeferredSave.extensions.jsonDEBUGWrite succeeded
1544026249500DeferredSave.addons.jsonDEBUGStarting write
1544026249515DeferredSave.addons.jsonDEBUGWrite succeeded

at org.openqa.selenium.firefox.internal.NewProfileExtensionConnection.start(NewProfileExtensionConnection.java:113)
... 32 more
]]>
            </full-stacktrace>
          </exception> <!-- org.openqa.selenium.WebDriverException -->
          <reporter-output>
          </reporter-output>
        </test-method> <!-- search -->
      </class> <!-- com.remote.maven.mavendemo -->
    </test> <!-- Default test -->
  </suite> <!-- Default suite -->
</testng-results>
