<?xml version="1.0" encoding="UTF-8"?>
<!-- Generated by org.testng.reporters.JUnitXMLReporter -->
<testsuite hostname="INHLCH-DL615" ignored="0" name="Default test" tests="1" failures="1" timestamp="05 Dec 2018 16:11:34 GMT" time="47.642" errors="0">
  <testcase name="search" time="47.592" classname="com.remote.maven.mavendemo">
    <failure type="org.openqa.selenium.WebDriverException" message="Failed to connect to binary FirefoxBinary(C:\Program Files\Mozilla Firefox\firefox.exe) on port 7055; process output follows: 
c/1.0&amp;quot;,&amp;quot;updateURL&amp;quot;:null,&amp;quot;updateKey&amp;quot;:null,&amp;quot;optionsURL&amp;quot;:null,&amp;quot;optionsType&amp;quot;:null,&amp;quot;aboutURL&amp;quot;:null,&amp;quot;icons&amp;quot;:{&amp;quot;32&amp;quot;:&amp;quot;icon.png&amp;quot;,&amp;quot;48&amp;quot;:&amp;quot;icon.png&amp;quot;},&amp;quot;iconURL&amp;quot;:null,&amp;quot;icon64URL&amp;quot;:null,&amp;quot;defaultLocale&amp;quot;:{&amp;quot;name&amp;quot;:&amp;quot;Default&amp;quot;,&amp;quot;description&amp;quot;:&amp;quot;The default theme.&amp;quot;,&amp;quot;creator&amp;quot;:&amp;quot;Mozilla&amp;quot;,&amp;quot;homepageURL&amp;quot;:null,&amp;quot;contributors&amp;quot;:[&amp;quot;Mozilla Contributors&amp;quot;]},&amp;quot;visible&amp;quot;:true,&amp;quot;active&amp;quot;:true,&amp;quot;userDisabled&amp;quot;:false,&amp;quot;appDisabled&amp;quot;:false,&amp;quot;descriptor&amp;quot;:&amp;quot;C:\\Program Files\\Mozilla Firefox\\browser\\extensions\\{972ce4c6-7e08-4474-a285-3208198ce6fd}.xpi&amp;quot;,&amp;quot;installDate&amp;quot;:1466736750000,&amp;quot;updateDate&amp;quot;:1466736750000,&amp;quot;applyBackgroundUpdates&amp;quot;:1,&amp;quot;skinnable&amp;quot;:true,&amp;quot;size&amp;quot;:22012,&amp;quot;sourceURI&amp;quot;:null,&amp;quot;releaseNotesURI&amp;quot;:null,&amp;quot;softDisabled&amp;quot;:false,&amp;quot;foreignInstall&amp;quot;:false,&amp;quot;hasBinaryComponents&amp;quot;:false,&amp;quot;strictCompatibility&amp;quot;:true,&amp;quot;locales&amp;quot;:[],&amp;quot;targetApplications&amp;quot;:[{&amp;quot;id&amp;quot;:&amp;quot;{ec8030f7-c20a-464f-9b0e-13a3a9e97384}&amp;quot;,&amp;quot;minVersion&amp;quot;:&amp;quot;47.0.1&amp;quot;,&amp;quot;maxVersion&amp;quot;:&amp;quot;47.0.1&amp;quot;}],&amp;quot;targetPlatforms&amp;quot;:[],&amp;quot;seen&amp;quot;:true}
1544026248461	addons.xpi	DEBUG	getModTime: Recursive scan of {972ce4c6-7e08-4474-a285-3208198ce6fd}
1544026248463	DeferredSave.extensions.json	DEBUG	Save changes
1544026248463	addons.xpi	DEBUG	Updating database with changes to installed add-ons
1544026248463	addons.xpi-utils	DEBUG	Updating add-on states
1544026248466	addons.xpi-utils	DEBUG	Writing add-ons list
1544026248472	addons.xpi	DEBUG	Registering manifest for C:\Program Files\Mozilla Firefox\browser\features\e10srollout@mozilla.org.xpi
1544026248473	addons.xpi	DEBUG	Calling bootstrap method startup on e10srollout@mozilla.org version 1.0
1544026248473	addons.xpi	DEBUG	Registering manifest for C:\Program Files\Mozilla Firefox\browser\features\firefox@getpocket.com.xpi
1544026248474	addons.xpi	DEBUG	Calling bootstrap method startup on firefox@getpocket.com version 1.0.2
1544026248475	addons.xpi	DEBUG	Registering manifest for C:\Program Files\Mozilla Firefox\browser\features\loop@mozilla.org.xpi
1544026248476	addons.xpi	DEBUG	Calling bootstrap method startup on loop@mozilla.org version 1.3.2
1544026248495	addons.manager	DEBUG	Registering shutdown blocker for XPIProvider
1544026248496	addons.manager	DEBUG	Provider finished startup: XPIProvider
1544026248496	addons.manager	DEBUG	Starting provider: LightweightThemeManager
1544026248496	addons.manager	DEBUG	Registering shutdown blocker for LightweightThemeManager
1544026248496	addons.manager	DEBUG	Provider finished startup: LightweightThemeManager
1544026248497	addons.manager	DEBUG	Starting provider: GMPProvider
1544026248507	addons.manager	DEBUG	Registering shutdown blocker for GMPProvider
1544026248507	addons.manager	DEBUG	Provider finished startup: GMPProvider
1544026248507	addons.manager	DEBUG	Starting provider: PluginProvider
1544026248507	addons.manager	DEBUG	Registering shutdown blocker for PluginProvider
1544026248508	addons.manager	DEBUG	Provider finished startup: PluginProvider
1544026248508	addons.manager	DEBUG	Completed startup sequence
1544026249134	addons.manager	DEBUG	Starting provider: &amp;lt;unnamed-provider&amp;gt;
1544026249135	addons.manager	DEBUG	Registering shutdown blocker for &amp;lt;unnamed-provider&amp;gt;
1544026249135	addons.manager	DEBUG	Provider finished startup: &amp;lt;unnamed-provider&amp;gt;
1544026249391	DeferredSave.extensions.json	DEBUG	Write succeeded
1544026249391	addons.xpi-utils	DEBUG	XPI Database saved, setting schema version preference to 17
1544026249391	DeferredSave.extensions.json	DEBUG	Starting timer
1544026249417	DeferredSave.extensions.json	DEBUG	Starting write
1544026249436	addons.repository	DEBUG	No addons.json found.
1544026249436	DeferredSave.addons.json	DEBUG	Save changes
1544026249441	DeferredSave.addons.json	DEBUG	Starting timer
1544026249464	addons.manager	DEBUG	Starting provider: PreviousExperimentProvider
1544026249464	addons.manager	DEBUG	Registering shutdown blocker for PreviousExperimentProvider
1544026249465	addons.manager	DEBUG	Provider finished startup: PreviousExperimentProvider
1544026249472	DeferredSave.extensions.json	DEBUG	Write succeeded
1544026249500	DeferredSave.addons.json	DEBUG	Starting write
1544026249515	DeferredSave.addons.json	DEBUG	Write succeeded

Build info: version: &amp;apos;2.51.0&amp;apos;, revision: &amp;apos;1af067dbcaedd7d2ab9af5151fc471d363d97193&amp;apos;, time: &amp;apos;2016-02-05 11:20:57&amp;apos;
System info: host: &amp;apos;INHLCH-DL615&amp;apos;, ip: &amp;apos;192.168.0.16&amp;apos;, os.name: &amp;apos;Windows 10&amp;apos;, os.arch: &amp;apos;amd64&amp;apos;, os.version: &amp;apos;10.0&amp;apos;, java.version: &amp;apos;1.8.0_191&amp;apos;
Driver info: driver.version: FirefoxDriver">
      <![CDATA[org.openqa.selenium.WebDriverException: Failed to connect to binary FirefoxBinary(C:\Program Files\Mozilla Firefox\firefox.exe) on port 7055; process output follows: 
c/1.0","updateURL":null,"updateKey":null,"optionsURL":null,"optionsType":null,"aboutURL":null,"icons":{"32":"icon.png","48":"icon.png"},"iconURL":null,"icon64URL":null,"defaultLocale":{"name":"Default","description":"The default theme.","creator":"Mozilla","homepageURL":null,"contributors":["Mozilla Contributors"]},"visible":true,"active":true,"userDisabled":false,"appDisabled":false,"descriptor":"C:\\Program Files\\Mozilla Firefox\\browser\\extensions\\{972ce4c6-7e08-4474-a285-3208198ce6fd}.xpi","installDate":1466736750000,"updateDate":1466736750000,"applyBackgroundUpdates":1,"skinnable":true,"size":22012,"sourceURI":null,"releaseNotesURI":null,"softDisabled":false,"foreignInstall":false,"hasBinaryComponents":false,"strictCompatibility":true,"locales":[],"targetApplications":[{"id":"{ec8030f7-c20a-464f-9b0e-13a3a9e97384}","minVersion":"47.0.1","maxVersion":"47.0.1"}],"targetPlatforms":[],"seen":true}
1544026248461addons.xpiDEBUGgetModTime: Recursive scan of {972ce4c6-7e08-4474-a285-3208198ce6fd}
1544026248463DeferredSave.extensions.jsonDEBUGSave changes
1544026248463addons.xpiDEBUGUpdating database with changes to installed add-ons
1544026248463addons.xpi-utilsDEBUGUpdating add-on states
1544026248466addons.xpi-utilsDEBUGWriting add-ons list
1544026248472addons.xpiDEBUGRegistering manifest for C:\Program Files\Mozilla Firefox\browser\features\e10srollout@mozilla.org.xpi
1544026248473addons.xpiDEBUGCalling bootstrap method startup on e10srollout@mozilla.org version 1.0
1544026248473addons.xpiDEBUGRegistering manifest for C:\Program Files\Mozilla Firefox\browser\features\firefox@getpocket.com.xpi
1544026248474addons.xpiDEBUGCalling bootstrap method startup on firefox@getpocket.com version 1.0.2
1544026248475addons.xpiDEBUGRegistering manifest for C:\Program Files\Mozilla Firefox\browser\features\loop@mozilla.org.xpi
1544026248476addons.xpiDEBUGCalling bootstrap method startup on loop@mozilla.org version 1.3.2
1544026248495addons.managerDEBUGRegistering shutdown blocker for XPIProvider
1544026248496addons.managerDEBUGProvider finished startup: XPIProvider
1544026248496addons.managerDEBUGStarting provider: LightweightThemeManager
1544026248496addons.managerDEBUGRegistering shutdown blocker for LightweightThemeManager
1544026248496addons.managerDEBUGProvider finished startup: LightweightThemeManager
1544026248497addons.managerDEBUGStarting provider: GMPProvider
1544026248507addons.managerDEBUGRegistering shutdown blocker for GMPProvider
1544026248507addons.managerDEBUGProvider finished startup: GMPProvider
1544026248507addons.managerDEBUGStarting provider: PluginProvider
1544026248507addons.managerDEBUGRegistering shutdown blocker for PluginProvider
1544026248508addons.managerDEBUGProvider finished startup: PluginProvider
1544026248508addons.managerDEBUGCompleted startup sequence
1544026249134addons.managerDEBUGStarting provider: <unnamed-provider>
1544026249135addons.managerDEBUGRegistering shutdown blocker for <unnamed-provider>
1544026249135addons.managerDEBUGProvider finished startup: <unnamed-provider>
1544026249391DeferredSave.extensions.jsonDEBUGWrite succeeded
1544026249391addons.xpi-utilsDEBUGXPI Database saved, setting schema version preference to 17
1544026249391DeferredSave.extensions.jsonDEBUGStarting timer
1544026249417DeferredSave.extensions.jsonDEBUGStarting write
1544026249436addons.repositoryDEBUGNo addons.json found.
1544026249436DeferredSave.addons.jsonDEBUGSave changes
1544026249441DeferredSave.addons.jsonDEBUGStarting timer
1544026249464addons.managerDEBUGStarting provider: PreviousExperimentProvider
1544026249464addons.managerDEBUGRegistering shutdown blocker for PreviousExperimentProvider
1544026249465addons.managerDEBUGProvider finished startup: PreviousExperimentProvider
1544026249472DeferredSave.extensions.jsonDEBUGWrite succeeded
1544026249500DeferredSave.addons.jsonDEBUGStarting write
1544026249515DeferredSave.addons.jsonDEBUGWrite succeeded

Build info: version: '2.51.0', revision: '1af067dbcaedd7d2ab9af5151fc471d363d97193', time: '2016-02-05 11:20:57'
System info: host: 'INHLCH-DL615', ip: '192.168.0.16', os.name: 'Windows 10', os.arch: 'amd64', os.version: '10.0', java.version: '1.8.0_191'
Driver info: driver.version: FirefoxDriver
at org.openqa.selenium.firefox.internal.NewProfileExtensionConnection.start(NewProfileExtensionConnection.java:125)
at org.openqa.selenium.firefox.FirefoxDriver.startClient(FirefoxDriver.java:271)
at org.openqa.selenium.remote.RemoteWebDriver.<init>(RemoteWebDriver.java:119)
at org.openqa.selenium.firefox.FirefoxDriver.<init>(FirefoxDriver.java:216)
at org.openqa.selenium.firefox.FirefoxDriver.<init>(FirefoxDriver.java:211)
at org.openqa.selenium.firefox.FirefoxDriver.<init>(FirefoxDriver.java:207)
at org.openqa.selenium.firefox.FirefoxDriver.<init>(FirefoxDriver.java:120)
at com.remote.maven.mavendemo.search(mavendemo.java:13)
at sun.reflect.NativeMethodAccessorImpl.invoke0(Native Method)
at sun.reflect.NativeMethodAccessorImpl.invoke(Unknown Source)
at sun.reflect.DelegatingMethodAccessorImpl.invoke(Unknown Source)
at java.lang.reflect.Method.invoke(Unknown Source)
at org.testng.internal.MethodInvocationHelper.invokeMethod(MethodInvocationHelper.java:124)
at org.testng.internal.Invoker.invokeMethod(Invoker.java:583)
at org.testng.internal.Invoker.invokeTestMethod(Invoker.java:719)
at org.testng.internal.Invoker.invokeTestMethods(Invoker.java:989)
at org.testng.internal.TestMethodWorker.invokeTestMethods(TestMethodWorker.java:125)
at org.testng.internal.TestMethodWorker.run(TestMethodWorker.java:109)
at org.testng.TestRunner.privateRun(TestRunner.java:648)
at org.testng.TestRunner.run(TestRunner.java:505)
at org.testng.SuiteRunner.runTest(SuiteRunner.java:455)
at org.testng.SuiteRunner.runSequentially(SuiteRunner.java:450)
at org.testng.SuiteRunner.privateRun(SuiteRunner.java:415)
at org.testng.SuiteRunner.run(SuiteRunner.java:364)
at org.testng.SuiteRunnerWorker.runSuite(SuiteRunnerWorker.java:52)
at org.testng.SuiteRunnerWorker.run(SuiteRunnerWorker.java:84)
at org.testng.TestNG.runSuitesSequentially(TestNG.java:1208)
at org.testng.TestNG.runSuitesLocally(TestNG.java:1137)
at org.testng.TestNG.runSuites(TestNG.java:1049)
at org.testng.TestNG.run(TestNG.java:1017)
at org.testng.remote.AbstractRemoteTestNG.run(AbstractRemoteTestNG.java:114)
at org.testng.remote.RemoteTestNG.initAndRun(RemoteTestNG.java:251)
at org.testng.remote.RemoteTestNG.main(RemoteTestNG.java:77)
Caused by: org.openqa.selenium.firefox.NotConnectedException: Unable to connect to host 127.0.0.1 on port 7055 after 45000 ms. Firefox console output:
c/1.0","updateURL":null,"updateKey":null,"optionsURL":null,"optionsType":null,"aboutURL":null,"icons":{"32":"icon.png","48":"icon.png"},"iconURL":null,"icon64URL":null,"defaultLocale":{"name":"Default","description":"The default theme.","creator":"Mozilla","homepageURL":null,"contributors":["Mozilla Contributors"]},"visible":true,"active":true,"userDisabled":false,"appDisabled":false,"descriptor":"C:\\Program Files\\Mozilla Firefox\\browser\\extensions\\{972ce4c6-7e08-4474-a285-3208198ce6fd}.xpi","installDate":1466736750000,"updateDate":1466736750000,"applyBackgroundUpdates":1,"skinnable":true,"size":22012,"sourceURI":null,"releaseNotesURI":null,"softDisabled":false,"foreignInstall":false,"hasBinaryComponents":false,"strictCompatibility":true,"locales":[],"targetApplications":[{"id":"{ec8030f7-c20a-464f-9b0e-13a3a9e97384}","minVersion":"47.0.1","maxVersion":"47.0.1"}],"targetPlatforms":[],"seen":true}
1544026248461addons.xpiDEBUGgetModTime: Recursive scan of {972ce4c6-7e08-4474-a285-3208198ce6fd}
1544026248463DeferredSave.extensions.jsonDEBUGSave changes
1544026248463addons.xpiDEBUGUpdating database with changes to installed add-ons
1544026248463addons.xpi-utilsDEBUGUpdating add-on states
1544026248466addons.xpi-utilsDEBUGWriting add-ons list
1544026248472addons.xpiDEBUGRegistering manifest for C:\Program Files\Mozilla Firefox\browser\features\e10srollout@mozilla.org.xpi
1544026248473addons.xpiDEBUGCalling bootstrap method startup on e10srollout@mozilla.org version 1.0
1544026248473addons.xpiDEBUGRegistering manifest for C:\Program Files\Mozilla Firefox\browser\features\firefox@getpocket.com.xpi
1544026248474addons.xpiDEBUGCalling bootstrap method startup on firefox@getpocket.com version 1.0.2
1544026248475addons.xpiDEBUGRegistering manifest for C:\Program Files\Mozilla Firefox\browser\features\loop@mozilla.org.xpi
1544026248476addons.xpiDEBUGCalling bootstrap method startup on loop@mozilla.org version 1.3.2
1544026248495addons.managerDEBUGRegistering shutdown blocker for XPIProvider
1544026248496addons.managerDEBUGProvider finished startup: XPIProvider
1544026248496addons.managerDEBUGStarting provider: LightweightThemeManager
1544026248496addons.managerDEBUGRegistering shutdown blocker for LightweightThemeManager
1544026248496addons.managerDEBUGProvider finished startup: LightweightThemeManager
1544026248497addons.managerDEBUGStarting provider: GMPProvider
1544026248507addons.managerDEBUGRegistering shutdown blocker for GMPProvider
1544026248507addons.managerDEBUGProvider finished startup: GMPProvider
1544026248507addons.managerDEBUGStarting provider: PluginProvider
1544026248507addons.managerDEBUGRegistering shutdown blocker for PluginProvider
1544026248508addons.managerDEBUGProvider finished startup: PluginProvider
1544026248508addons.managerDEBUGCompleted startup sequence
1544026249134addons.managerDEBUGStarting provider: <unnamed-provider>
1544026249135addons.managerDEBUGRegistering shutdown blocker for <unnamed-provider>
1544026249135addons.managerDEBUGProvider finished startup: <unnamed-provider>
1544026249391DeferredSave.extensions.jsonDEBUGWrite succeeded
1544026249391addons.xpi-utilsDEBUGXPI Database saved, setting schema version preference to 17
1544026249391DeferredSave.extensions.jsonDEBUGStarting timer
1544026249417DeferredSave.extensions.jsonDEBUGStarting write
1544026249436addons.repositoryDEBUGNo addons.json found.
1544026249436DeferredSave.addons.jsonDEBUGSave changes
1544026249441DeferredSave.addons.jsonDEBUGStarting timer
1544026249464addons.managerDEBUGStarting provider: PreviousExperimentProvider
1544026249464addons.managerDEBUGRegistering shutdown blocker for PreviousExperimentProvider
1544026249465addons.managerDEBUGProvider finished startup: PreviousExperimentProvider
1544026249472DeferredSave.extensions.jsonDEBUGWrite succeeded
1544026249500DeferredSave.addons.jsonDEBUGStarting write
1544026249515DeferredSave.addons.jsonDEBUGWrite succeeded

at org.openqa.selenium.firefox.internal.NewProfileExtensionConnection.start(NewProfileExtensionConnection.java:113)
... 32 more
]]>
    </failure>
  </testcase> <!-- search -->
</testsuite> <!-- Default test -->
